<?xml version="1.0" encoding="UTF-8"?>
<!-- Generated by org.testng.reporters.JUnitReportReporter -->
<testsuite hostname="HQRITD05N" failures="0" tests="1" name="org.epg.Tests.EPFleet_tc_1" time="19.301" errors="0" timestamp="2024-02-06T12:36:57 GST" skipped="0">
  <testcase classname="org.epg.Tests.EPFleet_tc_1" name="LoginForm_PositiveFlow" time="19.301"/>
  <system-out/>
</testsuite> <!-- org.epg.Tests.EPFleet_tc_1 -->
