<?xml version="1.0" encoding="UTF-8"?>
<!-- Generated by org.testng.reporters.JUnitReportReporter -->
<testsuite hostname="HQRITD05N" failures="0" tests="2" name="org.epg.Tests.EPFleet_tc_1_Hybrid" time="16.320" errors="1" timestamp="2024-02-06T14:37:14 GST" skipped="0">
  <testcase classname="org.epg.Tests.EPFleet_tc_1_Hybrid" name="LoginForm" time="14.949"/>
  <system-out/>
  <testcase classname="org.epg.Tests.EPFleet_tc_1_Hybrid" name="HomePage" time="1.371">
    <error message="The element &#039;By.accessibilityId: btn-sync&#039; does not exist in DOM anymore
For documentation on this error, please visit: https://www.selenium.dev/documentation/webdriver/troubleshooting/errors#stale-element-reference-exception
Build info: version: &#039;4.17.0&#039;, revision: &#039;e52b1be057*&#039;
System info: os.name: &#039;Windows 11&#039;, os.arch: &#039;amd64&#039;, os.version: &#039;10.0&#039;, java.version: &#039;21.0.2&#039;
Driver info: io.appium.java_client.android.AndroidDriver
Command: [f17194eb-35fb-40e4-bc17-622d9892c0e6, clickElement {id=00000000-0000-0108-ffff-ffff000000c9}]
Capabilities {appium:app: C:\Users\nithyashri.raov\Do..., appium:appPackage: com.courier.staging, appium:automationName: UIAutomator2, appium:chromedriverExecutable: /src/main/java/org/epg/reso..., appium:databaseEnabled: false, appium:desired: {app: C:\Users\nithyashri.raov\Do..., automationName: UIAutomator2, chromedriverExecutable: /src/main/java/org/epg/reso..., platformName: ANDROID}, appium:deviceApiLevel: 28, appium:deviceManufacturer: Google, appium:deviceModel: AOSP on IA Emulator, appium:deviceName: emulator-5554, appium:deviceScreenDensity: 420, appium:deviceScreenSize: 1080x2400, appium:deviceUDID: emulator-5554, appium:javascriptEnabled: true, appium:locationContextEnabled: false, appium:networkConnectionEnabled: true, appium:pixelRatio: 2.625, appium:platformVersion: 9, appium:statBarHeight: 63, appium:takesScreenshot: true, appium:viewportRect: {height: 2337, left: 0, top: 63, width: 1080}, appium:warnings: {}, appium:webStorageEnabled: false, platformName: ANDROID}
Element: [[AndroidDriver:  on ANDROID (f17194eb-35fb-40e4-bc17-622d9892c0e6)] -&gt; accessibility id: btn-sync]
Session ID: f17194eb-35fb-40e4-bc17-622d9892c0e6" type="org.openqa.selenium.StaleElementReferenceException">
      <![CDATA[org.openqa.selenium.StaleElementReferenceException: The element 'By.accessibilityId: btn-sync' does not exist in DOM anymore
For documentation on this error, please visit: https://www.selenium.dev/documentation/webdriver/troubleshooting/errors#stale-element-reference-exception
Build info: version: '4.17.0', revision: 'e52b1be057*'
System info: os.name: 'Windows 11', os.arch: 'amd64', os.version: '10.0', java.version: '21.0.2'
Driver info: io.appium.java_client.android.AndroidDriver
Command: [f17194eb-35fb-40e4-bc17-622d9892c0e6, clickElement {id=00000000-0000-0108-ffff-ffff000000c9}]
Capabilities {appium:app: C:\Users\nithyashri.raov\Do..., appium:appPackage: com.courier.staging, appium:automationName: UIAutomator2, appium:chromedriverExecutable: /src/main/java/org/epg/reso..., appium:databaseEnabled: false, appium:desired: {app: C:\Users\nithyashri.raov\Do..., automationName: UIAutomator2, chromedriverExecutable: /src/main/java/org/epg/reso..., platformName: ANDROID}, appium:deviceApiLevel: 28, appium:deviceManufacturer: Google, appium:deviceModel: AOSP on IA Emulator, appium:deviceName: emulator-5554, appium:deviceScreenDensity: 420, appium:deviceScreenSize: 1080x2400, appium:deviceUDID: emulator-5554, appium:javascriptEnabled: true, appium:locationContextEnabled: false, appium:networkConnectionEnabled: true, appium:pixelRatio: 2.625, appium:platformVersion: 9, appium:statBarHeight: 63, appium:takesScreenshot: true, appium:viewportRect: {height: 2337, left: 0, top: 63, width: 1080}, appium:warnings: {}, appium:webStorageEnabled: false, platformName: ANDROID}
Element: [[AndroidDriver:  on ANDROID (f17194eb-35fb-40e4-bc17-622d9892c0e6)] -> accessibility id: btn-sync]
Session ID: f17194eb-35fb-40e4-bc17-622d9892c0e6
at java.base/jdk.internal.reflect.DirectConstructorHandleAccessor.newInstance(DirectConstructorHandleAccessor.java:62)
at java.base/java.lang.reflect.Constructor.newInstanceWithCaller(Constructor.java:502)
at java.base/java.lang.reflect.Constructor.newInstance(Constructor.java:486)
at org.openqa.selenium.remote.codec.w3c.W3CHttpResponseCodec.createException(W3CHttpResponseCodec.java:185)
at org.openqa.selenium.remote.codec.w3c.W3CHttpResponseCodec.decode(W3CHttpResponseCodec.java:134)
at org.openqa.selenium.remote.codec.w3c.W3CHttpResponseCodec.decode(W3CHttpResponseCodec.java:51)
at org.openqa.selenium.remote.HttpCommandExecutor.execute(HttpCommandExecutor.java:190)
at io.appium.java_client.remote.AppiumCommandExecutor.execute(AppiumCommandExecutor.java:237)
at org.openqa.selenium.remote.RemoteWebDriver.execute(RemoteWebDriver.java:519)
at org.openqa.selenium.remote.RemoteWebElement.execute(RemoteWebElement.java:223)
at org.openqa.selenium.remote.RemoteWebElement.click(RemoteWebElement.java:76)
at java.base/jdk.internal.reflect.DirectMethodHandleAccessor.invoke(DirectMethodHandleAccessor.java:103)
at java.base/java.lang.reflect.Method.invoke(Method.java:580)
at io.appium.java_client.pagefactory.ElementInterceptor.getObject(ElementInterceptor.java:42)
at io.appium.java_client.pagefactory.interceptors.InterceptorOfASingleElement.call(InterceptorOfASingleElement.java:79)
at io.appium.java_client.proxy.Interceptor.intercept(Interceptor.java:78)
at org.openqa.selenium.remote.RemoteWebElement$ByteBuddy$I7YtwMoa.click(Unknown Source)
at org.epg.pageObjects.android.HomePage.syncButton(HomePage.java:41)
at org.epg.Tests.EPFleet_tc_1_Hybrid.HomePage(EPFleet_tc_1_Hybrid.java:63)
at java.base/jdk.internal.reflect.DirectMethodHandleAccessor.invoke(DirectMethodHandleAccessor.java:103)
at java.base/java.lang.reflect.Method.invoke(Method.java:580)
at org.testng.internal.MethodInvocationHelper.invokeMethod(MethodInvocationHelper.java:133)
at org.testng.internal.TestInvoker.invokeMethod(TestInvoker.java:598)
at org.testng.internal.TestInvoker.invokeTestMethod(TestInvoker.java:173)
at org.testng.internal.MethodRunner.runInSequence(MethodRunner.java:46)
at org.testng.internal.TestInvoker$MethodInvocationAgent.invoke(TestInvoker.java:824)
at org.testng.internal.TestInvoker.invokeTestMethods(TestInvoker.java:146)
at org.testng.internal.TestMethodWorker.invokeTestMethods(TestMethodWorker.java:146)
at org.testng.internal.TestMethodWorker.run(TestMethodWorker.java:128)
at java.base/java.util.ArrayList.forEach(ArrayList.java:1596)
at org.testng.TestRunner.privateRun(TestRunner.java:794)
at org.testng.TestRunner.run(TestRunner.java:596)
at org.testng.SuiteRunner.runTest(SuiteRunner.java:377)
at org.testng.SuiteRunner.runSequentially(SuiteRunner.java:371)
at org.testng.SuiteRunner.privateRun(SuiteRunner.java:332)
at org.testng.SuiteRunner.run(SuiteRunner.java:276)
at org.testng.SuiteRunnerWorker.runSuite(SuiteRunnerWorker.java:53)
at org.testng.SuiteRunnerWorker.run(SuiteRunnerWorker.java:96)
at org.testng.TestNG.runSuitesSequentially(TestNG.java:1212)
at org.testng.TestNG.runSuitesLocally(TestNG.java:1134)
at org.testng.TestNG.runSuites(TestNG.java:1063)
at org.testng.TestNG.run(TestNG.java:1031)
at org.testng.remote.AbstractRemoteTestNG.run(AbstractRemoteTestNG.java:115)
at org.testng.remote.RemoteTestNG.initAndRun(RemoteTestNG.java:251)
at org.testng.remote.RemoteTestNG.main(RemoteTestNG.java:77)
]]>
    </error>
  </testcase> <!-- HomePage -->
  <system-out/>
</testsuite> <!-- org.epg.Tests.EPFleet_tc_1_Hybrid -->
